# Failed test 10018 - git ls-files gives the same number of files as MANIFEST lists at porting/manifest.t line 91
#      got "5643"
# expected "5500"
# Failed test 10020 - Nothing added to the repo that isn't in MANIFEST at porting/manifest.t line 103
#      got "143"
# expected "0"
# Failed test 10021 - Nothing added to the repo that isn't in MANIFEST at porting/manifest.t line 104
#      got "not in MANIFEST: cpan/Test-Simple/t/Simple/load.t cpan/Test-Simple/t/lib/Test/Simple/sample_tests/extras.plx cpan/Test-Simple/t/fork.t cpan/Test-Simple/t/Tester/tbt_03die.t cpan/Test-Simple/t/lib/Dummy.pm cpan/Test-Simple/t/import.t cpan/Test-Simple/t/circular_data.t cpan/Test-Simple/t/subtest/implicit_done.t cpan/Test-Simple/t/Builder/done_testing_with_number.t cpan/Test-Simple/t/Builder/done_testing_with_no_plan.t cpan/Test-Simple/t/subtest/basic.t cpan/Test-Simple/t/is_deeply_with_threads.t cpan/Test-Simple/t/c_flag.t cpan/Test-Simple/t/lib/NoExporter.pm cpan/Test-Simple/t/subtest/plan.t cpan/Test-Simple/t/plan_shouldnt_import.t cpan/Test-Simple/t/01-basic.t cpan/Test-Simple/t/Tester/tbt_04line_num.t cpan/Test-Simple/t/use_ok.t cpan/Test-Simple/t/MyTest.pm cpan/Test-Simple/t/Builder/output.t cpan/Test-Simple/t/cmp_ok.t cpan/Test-Simple/t/lib/Test/Simple/sample_tests/death_with_handler.plx cpan/Test-Simple/t/undef.t cpan/Test-Simple/t/eq_set.t cpan/Test-Simple/t/threads.t cpan/Test-Simple/t/Tester/tbt_05faildiag.t cpan/Test-Simple/t/Builder/current_test.t cpan/Test-Simple/t/Tester/tbt_07args.t cpan/Test-Simple/t/More.t cpan/Test-Simple/t/lib/Test/Simple/sample_tests/death.plx cpan/Test-Simple/t/lib/Test/Simple/sample_tests/require.plx cpan/Test-Simple/t/lib/Test/Simple/sample_tests/last_minute_death.plx cpan/Test-Simple/t/plan_skip_all.t cpan/Test-Simple/t/subtest/bail_out.t cpan/Test-Simple/t/subtest/args.t cpan/Test-Simple/t/Builder/create.t cpan/Test-Simple/t/useing.t cpan/Test-Simple/t/subtest/do.t cpan/Test-Simple/t/lib/Test/Simple/sample_tests/one_fail.plx cpan/Test-Simple/t/subtest/threads.t cpan/Test-Simple/t/fail_one.t cpan/Test-Simple/t/new_ok.t cpan/Test-Simple/t/BEGIN_require_ok.t cpan/Test-Simple/t/bad_plan.t cpan/Test-Simple/t/bail_out.t cpan/Test-Simple/t/capture.t cpan/Test-Simple/t/Tester/tbt_09do_script.pl cpan/Test-Simple/t/diag.t cpan/Test-Simple/t/lib/Test/Simple/sample_tests/death_in_eval.plx cpan/Test-Simple/t/lib/Test/Simple/Catch.pm cpan/Test-Simple/t/skip.t cpan/Test-Simple/t/thread_taint.t cpan/Test-Simple/t/harness_active.t cpan/Test-Simple/t/Tester/tbt_01basic.t cpan/Test-Simple/t/Builder/no_plan_at_all.t cpan/Test-Simple/t/lib/Test/Simple/sample_tests/five_fail.plx cpan/Test-Simple/t/Builder/Builder.t cpan/Test-Simple/t/overload_threads.t cpan/Test-Simple/t/subtest/wstat.t cpan/Test-Simple/t/lib/MyOverload.pm cpan/Test-Simple/t/plan_no_plan.t cpan/Test-Simple/t/check_tests.t cpan/Test-Simple/t/plan_is_noplan.t cpan/Test-Simple/t/lib/Dev/Null.pm cpan/Test-Simple/t/lib/Test/Simple/sample_tests/missing_done_testing.plx cpan/Test-Simple/t/subtest/fork.t cpan/Test-Simple/t/Tester/tbt_06errormess.t cpan/Test-Simple/t/lib/TieOut.pm cpan/Test-Simple/t/lib/Test/Simple/sample_tests/too_few.plx cpan/Test-Simple/t/Builder/done_testing_with_plan.t cpan/Test-Simple/t/Builder/has_plan.t cpan/Test-Simple/t/BEGIN_use_ok.t cpan/Test-Simple/t/exit.t cpan/Test-Simple/t/is_deeply_dne_bug.t cpan/Test-Simple/t/Builder/maybe_regex.t cpan/Test-Simple/t/Builder/no_diag.t cpan/Test-Simple/t/Builder/no_ending.t cpan/Test-Simple/t/Builder/reset.t cpan/Test-Simple/t/Builder/fork_with_new_stdout.t cpan/Test-Simple/t/Builder/try.t cpan/Test-Simple/t/dont_overwrite_die_handler.t cpan/Test-Simple/t/SmallTest.pm cpan/Test-Simple/t/Builder/current_test_without_plan.t cpan/Test-Simple/t/fail.t cpan/Test-Simple/t/fail-more.t cpan/Test-Simple/t/lib/Test/Simple/sample_tests/too_few_fail.plx cpan/Test-Simple/t/Builder/carp.t cpan/Test-Simple/t/subtest/todo.t cpan/Test-Simple/t/Builder/done_testing.t cpan/Test-Simple/t/missing.t cpan/Test-Simple/t/lib/Test/Simple/sample_tests/exit.plx cpan/Test-Simple/t/Tester/tbt_09do.t cpan/Test-Simple/t/plan.t cpan/Test-Simple/t/Builder/details.t cpan/Test-Simple/t/is_deeply_fail.t cpan/Test-Simple/t/plan_bad.t cpan/Test-Simple/t/lib/SigDie.pm cpan/Test-Simple/t/auto.t cpan/Test-Simple/t/lib/Test/Simple/sample_tests/one_fail_without_plan.plx cpan/Test-Simple/t/lib/Test/Simple/sample_tests/pre_plan_death.plx cpan/Test-Simple/t/no_tests.t cpan/Test-Simple/t/buffer.t cpan/Test-Simple/t/no_plan.t cpan/Test-Simple/t/explain.t cpan/Test-Simple/t/lib/Test/Builder/NoOutput.pm cpan/Test-Simple/t/subtest/line_numbers.t cpan/Test-Simple/t/Builder/is_passing.t cpan/Test-Simple/t/versions.t cpan/Test-Simple/t/depth.t cpan/Test-Simple/t/fail-like.t cpan/Test-Simple/t/Builder/done_testing_plan_mismatch.t cpan/Test-Simple/t/Builder/done_testing_double.t cpan/Test-Simple/t/Builder/is_fh.t cpan/Test-Simple/t/Builder/has_plan2.t cpan/Test-Simple/t/run_test.t cpan/Test-Simple/t/todo.t cpan/Test-Simple/t/Tester/tbt_02fhrestore.t cpan/Test-Simple/t/dependents.t cpan/Test-Simple/t/subtest/exceptions.t cpan/Test-Simple/t/filehandles.t cpan/Test-Simple/t/overload.t cpan/Test-Simple/t/require_ok.t cpan/Test-Simple/t/lib/Test/Simple/sample_tests/success.plx cpan/Test-Simple/t/478-cmp_ok_hash.t cpan/Test-Simple/t/subtest/for_do_t.test cpan/Test-Simple/t/00test_harness_check.t cpan/Test-Simple/t/extra.t cpan/Test-Simple/t/Builder/no_header.t cpan/Test-Simple/t/subtest/singleton.t cpan/Test-Simple/t/lib/Test/Simple/sample_tests/two_fail.plx cpan/Test-Simple/t/extra_one.t cpan/Test-Simple/t/tbm_doesnt_set_exported_to.t cpan/Test-Simple/t/subtest/predicate.t cpan/Test-Simple/t/Builder/reset_outputs.t cpan/Test-Simple/t/simple.t cpan/Test-Simple/t/Builder/ok_obj.t cpan/Test-Simple/t/skipall.t cpan/Test-Simple/t/subtest/die.t cpan/Test-Simple/t/utf8.t cpan/Test-Simple/t/note.t cpan/Test-Simple/t/Tester/tbt_08subtest.t cpan/Test-Simple/t/died.t"
# expected "not in MANIFEST: "
In file included from ../../../../perl.h:5541:0,
                 from ExtTest.xs:2:
ExtTest.c: In function ‘XS_ExtTest_constant’:
../../../../embed.h:669:40: warning: ‘pv’ may be used uninitialized in this function [-Wmaybe-uninitialized]
 #define sv_setpvn(a,b,c) Perl_sv_setpvn(aTHX_ a,b,c)
                                        ^
ExtTest.xs:420:14: note: ‘pv’ was declared here
  const char *pv;
              ^
In file included from ../../../../perl.h:5541:0,
                 from ExtTest.xs:2:
../../../../embed.h:669:40: warning: ‘iv’ may be used uninitialized in this function [-Wmaybe-uninitialized]
 #define sv_setpvn(a,b,c) Perl_sv_setpvn(aTHX_ a,b,c)
                                        ^
ExtTest.xs:418:6: note: ‘iv’ was declared here
  IV  iv;
      ^
In file included from ../../../../perl.h:5541:0,
                 from ExtTest.xs:2:
ExtTest.c: In function ‘XS_ExtTest_constant’:
../../../../embed.h:669:40: warning: ‘pv’ may be used uninitialized in this function [-Wmaybe-uninitialized]
 #define sv_setpvn(a,b,c) Perl_sv_setpvn(aTHX_ a,b,c)
                                        ^
ExtTest.xs:194:14: note: ‘pv’ was declared here
  const char *pv;
              ^
In file included from ../../../../perl.h:5541:0,
                 from ExtTest.xs:2:
ExtTest.c: In function ‘XS_ExtTest_constant’:
../../../../embed.h:657:37: warning: ‘iv’ may be used uninitialized in this function [-Wmaybe-uninitialized]
 #define sv_setiv(a,b)  Perl_sv_setiv(aTHX_ a,b)
                                     ^
ExtTest.xs:166:6: note: ‘iv’ was declared here
  IV  iv;
      ^
Setting ${^ENCODING} is deprecated at ../../lib/encoding/warnings.pm line 173.
Setting ${^ENCODING} is deprecated at ../../lib/encoding/warnings.pm line 173.
Setting ${^ENCODING} is deprecated at ../../lib/encoding/warnings.pm line 173.
Setting ${^ENCODING} is deprecated at ../../lib/encoding/warnings.pm line 173.
make: *** [test_harness] Error 9
